[32mStarting Comprehensive Repository Analysis for '../jira-automation'...(B[m
Log File: /Users/randall.noval/code/CodeJanitor/ruby/analysis_20240926_152528.log

[33m--- Directory Structure ---(B[m
/Users/randall.noval/code/CodeJanitor/ruby/directory_structure.rb:91: warning: already initialized constant IGNORE_PATTERNS
/Users/randall.noval/code/CodeJanitor/ruby/directory_structure.rb:17: warning: previous definition of IGNORE_PATTERNS was here
[1;36;49m
Directory Structure for /Users/randall.noval/code/CodeJanitor[0m
--------------------------------------------------------------
[1;34;49m.git[0m/ | [0;32;49m.gitignore[0m | [0;32;49mLICENSE[0m | [0;32;49mPackWizard.mjs[0m | [0;32;49mPyClutterCutter.py[0m | [0;32;49mREADME.md[0m | [0;32;49manalysis_20240926_150005.log[0m | [0;32;49mconfig.yml[0m | [0;32;49mpackage-lock.json[0m | [0;32;49mpackage.json[0m | [1;34;49mruby[0m/
[0;32;49m.DS_Store[0m | [1;34;49m.gitstatus.DbKj7j[0m/ | [1;34;49m.gitstatus.kRQmjh[0m/ | [0;32;49mCOMMIT_EDITMSG[0m | [0;32;49mHEAD[0m | [0;32;49mconfig[0m | [0;32;49mdescription[0m | [1;34;49mhooks[0m/ | [0;32;49mindex[0m | [1;34;49minfo[0m/ | [1;34;49mlogs[0m/ | [1;34;49mobjects[0m/ | [0;32;49mpacked-refs[0m | [1;34;49mrefs[0m/ | [0;32;49mCodeMetricsCollector.rb[0m | [0;32;49mRubyRubble.rb[0m | [0;32;49manalysis_20240926_150323.log[0m | [0;32;49manalysis_20240926_152528.log[0m | [0;32;49mcode_metrics.sh[0m | [0;32;49mdependency_analysis.rb[0m | [0;32;49mdirectory_structure.rb[0m | [0;32;49mdocumentation_check.sh[0m | [0;32;49mfull_analysis.sh[0m | [0;32;49midentify_key_files.sh[0m | [0;32;49mownership_insights.rb[0m | [0;32;49mrubocop_metrics.json[0m | [0;32;49mtest_ruby_rubble.rb[0m
[0;32;49m.DS_Store[0m | [0;32;49m.DS_Store[0m | [0;32;49mapplypatch-msg.sample[0m | [0;32;49mcommit-msg.sample[0m | [0;32;49mfsmonitor-watchman.sample[0m | [0;32;49mpost-update.sample[0m | [0;32;49mpre-applypatch.sample[0m | [0;32;49mpre-commit.sample[0m | [0;32;49mpre-merge-commit.sample[0m | [0;32;49mpre-push.sample[0m | [0;32;49mpre-rebase.sample[0m | [0;32;49mpre-receive.sample[0m | [0;32;49mprepare-commit-msg.sample[0m | [0;32;49mpush-to-checkout.sample[0m | [0;32;49msendemail-validate.sample[0m | [0;32;49mupdate.sample[0m | [0;32;49mexclude[0m | [0;32;49m.DS_Store[0m | [0;32;49mHEAD[0m | [1;34;49mrefs[0m/ | [0;32;49m.DS_Store[0m | [1;34;49m09[0m/ | [1;34;49m0e[0m/ | [1;34;49m13[0m/ | [1;34;49m18[0m/ | [1;34;49m23[0m/ | [1;34;49m28[0m/ | [1;34;49m2a[0m/ | [1;34;49m33[0m/ | [1;34;49m35[0m/ | [1;34;49m37[0m/ | [1;34;49m3c[0m/ | [1;34;49m40[0m/ | [1;34;49m42[0m/ | [1;34;49m44[0m/ | [1;34;49m46[0m/ | [1;34;49m4a[0m/ | [1;34;49m57[0m/ | [1;34;49m58[0m/ | [1;34;49m59[0m/ | [1;34;49m5a[0m/ | [1;34;49m5b[0m/ | [1;34;49m60[0m/ | [1;34;49m61[0m/ | [1;34;49m62[0m/ | [1;34;49m63[0m/ | [1;34;49m64[0m/ | [1;34;49m65[0m/ | [1;34;49m67[0m/ | [1;34;49m68[0m/ | [1;34;49m6d[0m/ | [1;34;49m71[0m/ | [1;34;49m74[0m/ | [1;34;49m76[0m/ | [1;34;49m78[0m/ | [1;34;49m7c[0m/ | [1;34;49m86[0m/ | [1;34;49m89[0m/ | [1;34;49m8d[0m/ | [1;34;49m91[0m/ | [1;34;49m96[0m/ | [1;34;49m99[0m/ | [1;34;49m9b[0m/ | [1;34;49m9c[0m/ | [1;34;49m9d[0m/ | [1;34;49ma3[0m/ | [1;34;49ma6[0m/ | [1;34;49mac[0m/ | [1;34;49mad[0m/ | [1;34;49maf[0m/ | [1;34;49mb1[0m/ | [1;34;49mb2[0m/ | [1;34;49mb4[0m/ | [1;34;49mc2[0m/ | [1;34;49mc8[0m/ | [1;34;49mc9[0m/ | [1;34;49md0[0m/ | [1;34;49md3[0m/ | [1;34;49md6[0m/ | [1;34;49mdd[0m/ | [1;34;49mdf[0m/ | [1;34;49me1[0m/ | [1;34;49me5[0m/ | [1;34;49me6[0m/ | [1;34;49mee[0m/ | [1;34;49mf8[0m/ | [1;34;49mfb[0m/ | [1;34;49minfo[0m/ | [1;34;49mpack[0m/ | [0;32;49m.DS_Store[0m | [1;34;49mheads[0m/ | [1;34;49mremotes[0m/ | [1;34;49mtags[0m/
[1;34;49mheads[0m/ | [1;34;49mremotes[0m/ | [0;32;49md1cdc856c292c4ab6dd818c7543ac0828bd616[0m | [0;32;49m156deb5f61d18f9e2ec5da4f6a8c94a5b4fb41[0m | [0;32;49mff9849f02e8634d3616b0ea59657c0048fb174[0m | [0;32;49maa314f043fe9b230907d4f071707c0b7925b1f[0m | [0;32;49ma2899e0fedf4a7ed8ff69616dbf7caa9c2fab3[0m | [0;32;49mf47e5b5216a3834cf474102896f24f7e1522ac[0m | [0;32;49mb019b73ec11a485fa09378f3a0e155194f6a5d[0m | [0;32;49mf1cdbbbdf9830e598bfa4e9390c920a4bbdd0d[0m | [0;32;49m96a61f3af951db38aeb149eecb37e7142d5c46[0m | [0;32;49md12222f015e25fd9badf553a0ad31f2396ff87[0m | [0;32;49m1fe1949017db1d83c8568573c4185e7422a222[0m | [0;32;49m4abb22121cdcbb710c56f4ba2684789cb2868c[0m | [0;32;49m71b7b477b8ee21b6a9bd0a856e4fe528855b4e[0m | [0;32;49mccba269b6e91bef12ad0fa18be651b5ef0ee68[0m | [0;32;49m43fdc1a156babad4336f004eaf5ca5dfa0f9ab[0m | [0;32;49m4887e2feca1cb358b4b11bb23e43f89c3f66ce[0m | [0;32;49me5024104516f1d3214fb0cfd02c06f6295a20c[0m | [0;32;49mb4005582a2958b6f33f4fa20d84a5e30f1e7da[0m | [0;32;49m4283d1e6250cf58f1945346f12541b32d6d2ca[0m | [0;32;49mbd45b907c4fd965697774ce8c5fc6b2fd9c105[0m | [0;32;49m46b47cb16631068aee9e0bd61269fc4e95e5cd[0m | [0;32;49mb78733ca5af7d60ca80d7417ff7f109dfd6897[0m | [0;32;49me99d53a4a59e3561fbcc654c35cc3d05d14794[0m | [0;32;49m5dab2ab7b1c50dea9cfe73dc5a269a92d2d4b4[0m | [0;32;49m5402c3aeaf147ac3ef0b5f2f65f13c5501966e[0m | [0;32;49m73b9530ed197d0431ab30ca79ed262f4b910fa[0m | [0;32;49m643c1940f034a13e2ff1f9191235e99c966934[0m | [0;32;49m73ca24cc59fe065377f948cee1d8020284e622[0m | [0;32;49m5d0f23f1a619222d9fcd2eb48d782ab36f32ce[0m | [0;32;49m3f2be297fd306196ecfcbac506162e159a0a99[0m | [0;32;49mcfd1dc95c5ee4c6c3d0848b1dcfc0ec69f6aea[0m | [0;32;49m254b5bee1b1549a2c7b8b1490c9c57455965f3[0m | [0;32;49m3c640dc8016160c2758e911727a86a26d6e79d[0m | [0;32;49m02426c114be4b57aabc0a80b8a63d9e56b9eb6[0m | [0;32;49m0659729732665e62491a5f13dc45644f11a8f6[0m | [0;32;49mb23e447bfecdb2ff938ed33eda6a07a4f0d584[0m | [0;32;49mdb330cd05242b60234287449ecfd80372ffd72[0m | [0;32;49ma04abdcb0414a3b46d3a29636c19c01150febf[0m | [0;32;49m8beda9537440c2755ecee75c2cfc4b00506adc[0m | [0;32;49m9fa6c6edcfcdd3e5b77e6f547b719e6fc66e30[0m | [0;32;49mc2baa655eac8539db34f8d9adb69ec1226201c[0m | [0;32;49m132f5d3a8356f4d61355dc76df8a40db103907[0m | [0;32;49m94ae040f169ed3a820baee4c817510fed5f8b8[0m | [0;32;49m80e449803ed53bad1a1a2116e3bfa913d58b10[0m | [0;32;49m9290cc4628e0e19beef832e1b919755953440e[0m | [0;32;49m6027ee1d43c304e36921e00e6a302779bc2f24[0m | [0;32;49mdb08856273ee3ef58864e6e561501668085ac7[0m | [0;32;49m01a998c184ad71231609880a817a4dcb0b68d7[0m | [0;32;49m263f296019bdf2097318b7dd2d6effcea7cae7[0m | [0;32;49mb9998ccc923c51d05d5c450e6a8d136212d544[0m | [0;32;49m44ebf934a60ac80edb59c93d0e5256ad93f785[0m | [0;32;49me11f46719e3f60412a8d925821b8a3aa7b5b2b[0m | [0;32;49mee1a48ac4000aadf4be27e50a04c825b8138fd[0m | [0;32;49mf11a5e237ff484e4814c12bfe9564de2575680[0m | [0;32;49m8b229af950c29356abf64a6c4aa894575445f0[0m | [0;32;49m3d6346e00f246102f72f2e026ed0491988b394[0m | [0;32;49m5bc7c5a10b9d6d57cb641aeec752428a07f0ca[0m | [0;32;49me7c89d61a9ee5c672a94de8a2af4947c314dce[0m | [0;32;49m73ff111d219c9b9a8b96d57683d0075fb7871a[0m | [0;32;49m695d811d4f84ed693eff7b5e6b4d61a3e8c48d[0m | [0;32;49md7d796dd4fbb6bd698ecad732014c0d8971f65[0m | [0;32;49m6c1573f5158c8219c724dc0d83ad9f6d2e687a[0m | [0;32;49mfdd8a1502fda301682e907afde86bc450da10f[0m | [0;32;49m61d7ab2b126d89d49fe07f7f6a44732d0f385d[0m | [0;32;49mb4e4e86c68567fc26b03988ea076c7e69dc356[0m | [0;32;49me41aaed11107299bca4b0b11b0fd2653078604[0m | [0;32;49ma859d4c079a7530dc1de3609d06c79e8f525f6[0m | [0;32;49m13bb6daf79307915e7dd1cf29d48730a50c29d[0m | [0;32;49mba61a8055fcb18273f2468d335572204667b1f[0m | [0;32;49m3847ea09aea9a5a16237a2acbebd0bef7f9436[0m | [0;32;49m9de29bb2d1d6434b8b29ae775ad8c2e48c5391[0m | [0;32;49mab0fc0fa87489055b7565fdadf8e65a6f216fa[0m | [0;32;49maac343d9e14868997c80e8d6c66a35e52ed3b4[0m | [0;32;49mb45c5aae6b9f91a9eab279932a51d292bf798e[0m | [0;32;49m11dfe24a6c564cb7ddf8bc96703ebb121df1e7[0m | [0;32;49me093a551114bd5ba92550b83ec04a886238bdb[0m | [0;32;49mpack-acc2bbdac5172b7c8a032af1b659c3e087052b1d.idx[0m | [0;32;49mpack-acc2bbdac5172b7c8a032af1b659c3e087052b1d.pack[0m | [0;32;49mpack-acc2bbdac5172b7c8a032af1b659c3e087052b1d.rev[0m | [0;32;49mmain[0m | [1;34;49morigin[0m/
--------------------------------------------------------------

[32mDirectory Structure Analysis completed successfully.(B[m

[33m--- Key Files Identification ---(B[m
[33m=== Key Files Identification ===(B[m
[36mDetected Project Type: Rails/Ruby Project(B[m
✅ Found: [32mGemfile(B[m
✅ Found: [32mGemfile.lock(B[m
❌ Missing: [31mRakefile(B[m
❌ Missing: [31mconfig.ru(B[m
❌ Missing: [31mconfig/application.rb(B[m
❌ Missing: [31mconfig/environment.rb(B[m
❌ Missing: [31mconfig/routes.rb(B[m
❌ Missing: [31mconfig/database.yml(B[m
❌ Missing: [31mapp/controllers/application_controller.rb(B[m
❌ Missing: [31mbin/rails(B[m
❌ Missing: [31mbin/rake(B[m
✅ Found: [32mREADME.md(B[m
[33m=================================(B[m
[32mKey Files Identification completed successfully.(B[m

[33m--- Dependency Analysis ---(B[m
[1;33;49m=== Dependency Analysis for /Users/randall.noval/code/CodeJanitor ===[0m
[0;31;49mGemfile not found or ignored.[0m
$(tput setaf 3)=== Gemspec Dependencies ===$(tput sgr0)
[0;31;49mNo gemspec files found.[0m
$(tput setaf 3)=== NPM/Yarn Dependencies ===$(tput sgr0)
[1;34;49m
Dependencies:[0m
[0;32;49m - @babel/parser (^7.22.5)[0m
[0;32;49m - @babel/traverse (^7.22.5)[0m
[0;32;49m - commander (^10.0.0)[0m
[0;32;49m - inquirer (^9.1.4)[0m
[0;32;49m - node-fetch (^3.3.2)[0m
[1;33;49m=========================================[0m
[32mDependency Analysis completed successfully.(B[m

[33m--- Code Metrics and Complexity ---(B[m
[33m=== Code Metrics and Complexity ===(B[m
rbenv: rubocop: command not found

The `rubocop' command exists in these Ruby versions:
  3.1.2

Error running RuboCop.
Error running RuboCop.
[31mCode Metrics and Complexity Analysis failed.(B[m

[33m--- Documentation and README Analysis ---(B[m
[33m=== Documentation and README Analysis ===(B[m
[36mDetected Project Type: Rails/Ruby Project(B[m
✅ Found README files:.green
/Users/randall.noval/code/CodeJanitor/ruby/documentation_check.sh: line 75: colorize: command not found
/Users/randall.noval/code/CodeJanitor/ruby/documentation_check.sh: line 89: syntax error: unexpected end of file
[31mDocumentation and README Analysis failed.(B[m

[33m--- Ownership Insights ---(B[m
=== Ownership Insights ===
Valentyn Ilto: 10800 lines
Yurii Zhupanov: 1375 lines
Oleh Yarmoliuk: 238 lines
Paul Caplan: 14 lines
============================
[32mOwnership Insights Analysis completed successfully.(B[m

[32mRepository Analysis Completed.(B[m
Check the log file '/Users/randall.noval/code/CodeJanitor/ruby/analysis_20240926_152528.log' for details.
