Starting Comprehensive Repository Analysis for '../jira-automation'...
Log File: analysis_20240926_150005.log

--- Directory Structure ---
ruby/full_analysis.sh: line 39: ./directory_structure.rb: No such file or directory
Directory Structure Analysis failed.

--- Key Files Identification ---
ruby/full_analysis.sh: line 47: ./identify_key_files.sh: No such file or directory
Key Files Identification failed.

--- Dependency Analysis ---
ruby/full_analysis.sh: line 55: ./dependency_analysis.rb: No such file or directory
Dependency Analysis failed.

--- Code Metrics and Complexity ---
ruby/full_analysis.sh: line 63: ./code_metrics.sh: No such file or directory
Code Metrics and Complexity Analysis failed.

--- Documentation and README Analysis ---
ruby/full_analysis.sh: line 71: ./documentation_check.sh: No such file or directory
Documentation and README Analysis failed.

--- Ownership Insights ---
ruby/full_analysis.sh: line 79: ./ownership_insights.rb: No such file or directory
Ownership Insights Analysis failed.

Repository Analysis Completed. Check the log file 'analysis_20240926_150005.log' for details.
